2022-03-09 14:03:895 INFO  HomePage :35 - clicking on sign in button : [[ChromeDriver: chrome on WINDOWS (73e6ce86fe7ac44ba7e7090d950de6ab)] -> xpath: //input[@id='newslettersignupform']]
2022-03-09 14:03:98 INFO  HomePage :40 - clicking on sign in button : [[ChromeDriver: chrome on WINDOWS (73e6ce86fe7ac44ba7e7090d950de6ab)] -> xpath: //a[@id='newslettersignupbutton']]
2022-03-09 14:03:54 INFO  HomePage :35 - clicking on sign in button : [[ChromeDriver: chrome on WINDOWS (f16acd84192066d236a0c9724f356917)] -> xpath: //input[@id='newslettersignupform']]
2022-03-09 14:03:219 INFO  HomePage :40 - clicking on sign in button : [[ChromeDriver: chrome on WINDOWS (f16acd84192066d236a0c9724f356917)] -> xpath: //a[@id='newslettersignupbutton']]
2022-03-09 14:03:86 INFO  HomePage :35 - clicking on sign in button : [[ChromeDriver: chrome on WINDOWS (38251249fc42bd00240d83f15a81946b)] -> xpath: //input[@id='newslettersignupform']]
2022-03-09 14:03:257 INFO  HomePage :40 - clicking on sign in button : [[ChromeDriver: chrome on WINDOWS (38251249fc42bd00240d83f15a81946b)] -> xpath: //a[@id='newslettersignupbutton']]
2022-03-09 22:03:200 INFO  HomePage :35 - clicking on sign in button : [[ChromeDriver: chrome on WINDOWS (b8990e44d96272b1f8072b058a830891)] -> xpath: //input[@id='newslettersignupform']]
2022-03-09 22:03:316 INFO  HomePage :40 - clicking on sign in button : [[ChromeDriver: chrome on WINDOWS (b8990e44d96272b1f8072b058a830891)] -> xpath: //a[@id='newslettersignupbutton']]
2022-03-09 22:03:404 INFO  HomePage :35 - clicking on sign in button : [[ChromeDriver: chrome on WINDOWS (9f3d1aad273bad91f3baaa4c7e69579e)] -> xpath: //input[@id='newslettersignupform']]
2022-03-09 22:03:525 INFO  HomePage :40 - clicking on sign in button : [[ChromeDriver: chrome on WINDOWS (9f3d1aad273bad91f3baaa4c7e69579e)] -> xpath: //a[@id='newslettersignupbutton']]
2022-03-09 22:03:709 INFO  HomePage :35 - clicking on sign in button : [[ChromeDriver: chrome on WINDOWS (a4e89deff4f53a405b0a161e0f2edecf)] -> xpath: //input[@id='newslettersignupform']]
2022-03-09 22:03:833 INFO  HomePage :40 - clicking on sign in button : [[ChromeDriver: chrome on WINDOWS (a4e89deff4f53a405b0a161e0f2edecf)] -> xpath: //a[@id='newslettersignupbutton']]
2022-03-11 09:03:59 INFO  HomePage :35 - clicking on sign in button : [[ChromeDriver: chrome on WINDOWS (462391dac7b43681812c1c0abb6b3ca9)] -> xpath: //input[@id='newslettersignupform']]
2022-03-11 09:03:232 INFO  HomePage :40 - clicking on sign in button : [[ChromeDriver: chrome on WINDOWS (462391dac7b43681812c1c0abb6b3ca9)] -> xpath: //a[@id='newslettersignupbutton']]
2022-03-11 11:03:854 INFO  HomePage :35 - clicking on sign in button : [[ChromeDriver: chrome on WINDOWS (78053d26368d2a08c3df78a16ed61333)] -> xpath: //input[@id='newslettersignupform']]
2022-03-11 11:03:56 INFO  HomePage :40 - clicking on sign in button : [[ChromeDriver: chrome on WINDOWS (78053d26368d2a08c3df78a16ed61333)] -> xpath: //a[@id='newslettersignupbutton']]
2022-03-11 11:03:495 INFO  HomePage :35 - clicking on sign in button : [[ChromeDriver: chrome on WINDOWS (06ede2d27bb850299156a678b69fd924)] -> xpath: //input[@id='newslettersignupform']]
2022-03-11 11:03:658 INFO  HomePage :40 - clicking on sign in button : [[ChromeDriver: chrome on WINDOWS (06ede2d27bb850299156a678b69fd924)] -> xpath: //a[@id='newslettersignupbutton']]
2022-03-11 11:03:407 INFO  HomePage :35 - clicking on sign in button : [[ChromeDriver: chrome on WINDOWS (4d27aede1d9914d4e41bb27f23b840e8)] -> xpath: //input[@id='newslettersignupform']]
2022-03-11 11:03:678 INFO  HomePage :40 - clicking on sign in button : [[ChromeDriver: chrome on WINDOWS (4d27aede1d9914d4e41bb27f23b840e8)] -> xpath: //a[@id='newslettersignupbutton']]
2022-03-11 11:03:94 INFO  HomePage :35 - clicking on sign in button : [[ChromeDriver: chrome on WINDOWS (876aa39de073146604702c6aec081b09)] -> xpath: //input[@id='newslettersignupform']]
2022-03-11 11:03:248 INFO  HomePage :40 - clicking on sign in button : [[ChromeDriver: chrome on WINDOWS (876aa39de073146604702c6aec081b09)] -> xpath: //a[@id='newslettersignupbutton']]
2022-03-11 11:03:864 INFO  HomePage :35 - clicking on sign in button : [[ChromeDriver: chrome on WINDOWS (188f1460c159d0dd5023cd6e2e8561b2)] -> xpath: //input[@id='newslettersignupform']]
2022-03-11 11:03:128 INFO  HomePage :40 - clicking on sign in button : [[ChromeDriver: chrome on WINDOWS (188f1460c159d0dd5023cd6e2e8561b2)] -> xpath: //a[@id='newslettersignupbutton']]
2022-03-11 11:03:95 INFO  HomePage :35 - clicking on sign in button : [[ChromeDriver: chrome on WINDOWS (fde090ef2693c25517ee665050e73437)] -> xpath: //input[@id='newslettersignupform']]
2022-03-11 11:03:295 INFO  HomePage :40 - clicking on sign in button : [[ChromeDriver: chrome on WINDOWS (fde090ef2693c25517ee665050e73437)] -> xpath: //a[@id='newslettersignupbutton']]
2022-03-11 11:03:493 INFO  HomePage :35 - clicking on sign in button : [[ChromeDriver: chrome on WINDOWS (251421c10e109624df31f16ab543fac2)] -> xpath: //input[@id='newslettersignupform']]
2022-03-11 11:03:647 INFO  HomePage :40 - clicking on sign in button : [[ChromeDriver: chrome on WINDOWS (251421c10e109624df31f16ab543fac2)] -> xpath: //a[@id='newslettersignupbutton']]
2022-03-11 12:03:464 INFO  HomePage :35 - clicking on sign in button : [[ChromeDriver: chrome on WINDOWS (62b865a43e4e1ff5d8821320a128dacc)] -> xpath: //input[@id='newslettersignupform']]
2022-03-11 12:03:668 INFO  HomePage :40 - clicking on sign in button : [[ChromeDriver: chrome on WINDOWS (62b865a43e4e1ff5d8821320a128dacc)] -> xpath: //a[@id='newslettersignupbutton']]
2022-03-11 12:03:460 INFO  HomePage :35 - clicking on sign in button : [[ChromeDriver: chrome on WINDOWS (dfb2f2ba12ce68812d953aefceab621a)] -> xpath: //input[@id='newslettersignupform']]
2022-03-11 12:03:675 INFO  HomePage :40 - clicking on sign in button : [[ChromeDriver: chrome on WINDOWS (dfb2f2ba12ce68812d953aefceab621a)] -> xpath: //a[@id='newslettersignupbutton']]
2022-03-11 12:03:706 INFO  HomePage :35 - clicking on sign in button : [[ChromeDriver: chrome on WINDOWS (05b48e3cd372141ccc5128c2a766e343)] -> xpath: //input[@id='newslettersignupform']]
2022-03-11 12:03:910 INFO  HomePage :40 - clicking on sign in button : [[ChromeDriver: chrome on WINDOWS (05b48e3cd372141ccc5128c2a766e343)] -> xpath: //a[@id='newslettersignupbutton']]
2022-03-11 12:03:446 INFO  HomePage :35 - clicking on sign in button : [[ChromeDriver: chrome on WINDOWS (c9bb6c2fa4487e8e268946968aff9e1a)] -> xpath: //input[@id='newslettersignupform']]
2022-03-11 12:03:647 INFO  HomePage :40 - clicking on sign in button : [[ChromeDriver: chrome on WINDOWS (c9bb6c2fa4487e8e268946968aff9e1a)] -> xpath: //a[@id='newslettersignupbutton']]
2022-03-11 12:03:563 INFO  HomePage :35 - clicking on sign in button : [[ChromeDriver: chrome on WINDOWS (cb39a76f0520ddc2202dc42635062763)] -> xpath: //input[@id='newslettersignupform']]
2022-03-11 12:03:765 INFO  HomePage :40 - clicking on sign in button : [[ChromeDriver: chrome on WINDOWS (cb39a76f0520ddc2202dc42635062763)] -> xpath: //a[@id='newslettersignupbutton']]
2022-03-11 12:03:662 INFO  HomePage :35 - clicking on sign in button : [[ChromeDriver: chrome on WINDOWS (b54291ef964dd7a669e18ed99e5fdd98)] -> xpath: //input[@id='newslettersignupform']]
2022-03-11 12:03:875 INFO  HomePage :40 - clicking on sign in button : [[ChromeDriver: chrome on WINDOWS (b54291ef964dd7a669e18ed99e5fdd98)] -> xpath: //a[@id='newslettersignupbutton']]
2022-03-11 12:03:87 INFO  HomePage :35 - clicking on sign in button : [[ChromeDriver: chrome on WINDOWS (02c2b207d0c522fe3dba3b964cd83fc4)] -> xpath: //input[@id='newslettersignupform']]
2022-03-11 12:03:289 INFO  HomePage :40 - clicking on sign in button : [[ChromeDriver: chrome on WINDOWS (02c2b207d0c522fe3dba3b964cd83fc4)] -> xpath: //a[@id='newslettersignupbutton']]
2022-03-11 12:03:642 INFO  HomePage :35 - clicking on sign in button : [[ChromeDriver: chrome on WINDOWS (ffcad961a2d485252b5cba6ae93aedfc)] -> xpath: //input[@id='newslettersignupform']]
2022-03-11 12:03:856 INFO  HomePage :40 - clicking on sign in button : [[ChromeDriver: chrome on WINDOWS (ffcad961a2d485252b5cba6ae93aedfc)] -> xpath: //a[@id='newslettersignupbutton']]
2022-03-11 12:03:75 INFO  HomePage :35 - clicking on sign in button : [[ChromeDriver: chrome on WINDOWS (b03687012b2097932fd14cf20fe79820)] -> xpath: //input[@id='newslettersignupform']]
2022-03-11 12:03:244 INFO  HomePage :40 - clicking on sign in button : [[ChromeDriver: chrome on WINDOWS (b03687012b2097932fd14cf20fe79820)] -> xpath: //a[@id='newslettersignupbutton']]
2022-03-11 12:03:212 INFO  HomePage :35 - clicking on sign in button : [[ChromeDriver: chrome on WINDOWS (9e5111e27fff2e79f5758430633b7aa8)] -> xpath: //input[@id='newslettersignupform']]
2022-03-11 12:03:436 INFO  HomePage :40 - clicking on sign in button : [[ChromeDriver: chrome on WINDOWS (9e5111e27fff2e79f5758430633b7aa8)] -> xpath: //a[@id='newslettersignupbutton']]
2022-03-11 12:03:41 INFO  HomePage :35 - clicking on sign in button : [[ChromeDriver: chrome on WINDOWS (5cae46128fa10824a5837cd3159cbc8d)] -> xpath: //input[@id='newslettersignupform']]
2022-03-11 12:03:219 INFO  HomePage :40 - clicking on sign in button : [[ChromeDriver: chrome on WINDOWS (5cae46128fa10824a5837cd3159cbc8d)] -> xpath: //a[@id='newslettersignupbutton']]
2022-03-11 13:03:564 INFO  HomePage :35 - clicking on sign in button : [[ChromeDriver: chrome on WINDOWS (6bf261521fa1dfb904b83e202b47ca41)] -> xpath: //input[@id='newslettersignupform']]
2022-03-11 13:03:811 INFO  HomePage :40 - clicking on sign in button : [[ChromeDriver: chrome on WINDOWS (6bf261521fa1dfb904b83e202b47ca41)] -> xpath: //a[@id='newslettersignupbutton']]
2022-03-11 13:03:908 INFO  HomePage :35 - clicking on sign in button : [[ChromeDriver: chrome on WINDOWS (b5a4a6ec6206b5743284a7a5e857f71c)] -> xpath: //input[@id='newslettersignupform']]
2022-03-11 13:03:83 INFO  HomePage :40 - clicking on sign in button : [[ChromeDriver: chrome on WINDOWS (b5a4a6ec6206b5743284a7a5e857f71c)] -> xpath: //a[@id='newslettersignupbutton']]
2022-03-11 13:03:139 INFO  HomePage :35 - clicking on sign in button : [[ChromeDriver: chrome on WINDOWS (af3e9430316cdd7d6083b263fd61c510)] -> xpath: //input[@id='newslettersignupform']]
2022-03-11 13:03:306 INFO  HomePage :40 - clicking on sign in button : [[ChromeDriver: chrome on WINDOWS (af3e9430316cdd7d6083b263fd61c510)] -> xpath: //a[@id='newslettersignupbutton']]
2022-03-11 13:03:291 INFO  HomePage :35 - clicking on sign in button : [[ChromeDriver: chrome on WINDOWS (0a8f8d046b1dde2c3587752a5deb5b6d)] -> xpath: //input[@id='newslettersignupform']]
2022-03-11 13:03:475 INFO  HomePage :40 - clicking on sign in button : [[ChromeDriver: chrome on WINDOWS (0a8f8d046b1dde2c3587752a5deb5b6d)] -> xpath: //a[@id='newslettersignupbutton']]
2022-03-11 13:03:744 INFO  HomePage :35 - clicking on sign in button : [[ChromeDriver: chrome on WINDOWS (ca17afd891de1e02d3f419a28cd424cb)] -> xpath: //input[@id='newslettersignupform']]
2022-03-11 13:03:89 INFO  HomePage :40 - clicking on sign in button : [[ChromeDriver: chrome on WINDOWS (ca17afd891de1e02d3f419a28cd424cb)] -> xpath: //a[@id='newslettersignupbutton']]
2022-03-11 13:03:438 INFO  HomePage :35 - clicking on sign in button : [[ChromeDriver: chrome on WINDOWS (6d226c6ec70ee79bd7e1e8b0401222dd)] -> xpath: //input[@id='newslettersignupform']]
2022-03-11 13:03:601 INFO  HomePage :40 - clicking on sign in button : [[ChromeDriver: chrome on WINDOWS (6d226c6ec70ee79bd7e1e8b0401222dd)] -> xpath: //a[@id='newslettersignupbutton']]
2022-03-11 13:03:830 INFO  HomePage :35 - clicking on sign in button : [[ChromeDriver: chrome on WINDOWS (0e302c4947191b1325e3e452b5b225fd)] -> xpath: //input[@id='newslettersignupform']]
2022-03-11 13:03:24 INFO  HomePage :40 - clicking on sign in button : [[ChromeDriver: chrome on WINDOWS (0e302c4947191b1325e3e452b5b225fd)] -> xpath: //a[@id='newslettersignupbutton']]
2022-03-11 13:03:874 INFO  HomePage :35 - clicking on sign in button : [[ChromeDriver: chrome on WINDOWS (abc7a1ca7b600cc2d9573c6a031acef3)] -> xpath: //input[@id='newslettersignupform']]
2022-03-11 13:03:55 INFO  HomePage :40 - clicking on sign in button : [[ChromeDriver: chrome on WINDOWS (abc7a1ca7b600cc2d9573c6a031acef3)] -> xpath: //a[@id='newslettersignupbutton']]
2022-03-11 13:03:211 INFO  HomePage :35 - clicking on sign in button : [[ChromeDriver: chrome on WINDOWS (81613aa34d0cb00f5b58ba4168dc53b7)] -> xpath: //input[@id='newslettersignupform']]
2022-03-11 13:03:412 INFO  HomePage :40 - clicking on sign in button : [[ChromeDriver: chrome on WINDOWS (81613aa34d0cb00f5b58ba4168dc53b7)] -> xpath: //a[@id='newslettersignupbutton']]
2022-03-11 13:03:688 INFO  HomePage :35 - clicking on sign in button : [[ChromeDriver: chrome on WINDOWS (7bfc9941afd09e03c45791007dec2335)] -> xpath: //input[@id='newslettersignupform']]
2022-03-11 13:03:868 INFO  HomePage :40 - clicking on sign in button : [[ChromeDriver: chrome on WINDOWS (7bfc9941afd09e03c45791007dec2335)] -> xpath: //a[@id='newslettersignupbutton']]
2022-03-11 13:03:315 INFO  HomePage :35 - clicking on sign in button : [[ChromeDriver: chrome on WINDOWS (9b6f41fdf251679e16dc3191fea85f4c)] -> xpath: //input[@id='newslettersignupform']]
2022-03-11 13:03:521 INFO  HomePage :40 - clicking on sign in button : [[ChromeDriver: chrome on WINDOWS (9b6f41fdf251679e16dc3191fea85f4c)] -> xpath: //a[@id='newslettersignupbutton']]
2022-03-11 13:03:484 INFO  HomePage :35 - clicking on sign in button : [[ChromeDriver: chrome on WINDOWS (472c047747b58040dc3ea5fa1290b3f3)] -> xpath: //input[@id='newslettersignupform']]
2022-03-11 13:03:640 INFO  HomePage :40 - clicking on sign in button : [[ChromeDriver: chrome on WINDOWS (472c047747b58040dc3ea5fa1290b3f3)] -> xpath: //a[@id='newslettersignupbutton']]
2022-03-11 14:03:734 INFO  HomePage :35 - clicking on sign in button : [[ChromeDriver: chrome on WINDOWS (ba4aaefeec398f7031e972b957864336)] -> xpath: //input[@id='newslettersignupform']]
2022-03-11 14:03:891 INFO  HomePage :40 - clicking on sign in button : [[ChromeDriver: chrome on WINDOWS (ba4aaefeec398f7031e972b957864336)] -> xpath: //a[@id='newslettersignupbutton']]
2022-03-11 14:03:922 INFO  HomePage :35 - clicking on sign in button : [[ChromeDriver: chrome on WINDOWS (62e0ee26678c8220fe05ce528e1a9e75)] -> xpath: //input[@id='newslettersignupform']]
2022-03-11 14:03:113 INFO  HomePage :40 - clicking on sign in button : [[ChromeDriver: chrome on WINDOWS (62e0ee26678c8220fe05ce528e1a9e75)] -> xpath: //a[@id='newslettersignupbutton']]
2022-03-11 14:03:612 INFO  HomePage :35 - clicking on sign in button : [[ChromeDriver: chrome on WINDOWS (caa01e9063f44be7c127bec7a6cf005e)] -> xpath: //input[@id='newslettersignupform']]
2022-03-11 14:03:778 INFO  HomePage :40 - clicking on sign in button : [[ChromeDriver: chrome on WINDOWS (caa01e9063f44be7c127bec7a6cf005e)] -> xpath: //a[@id='newslettersignupbutton']]
2022-03-11 14:03:20 INFO  HomePage :35 - clicking on sign in button : [[ChromeDriver: chrome on WINDOWS (4a318cf1cd2c975cc16ebbbbc2f1a8d7)] -> xpath: //input[@id='newslettersignupform']]
2022-03-11 14:03:172 INFO  HomePage :40 - clicking on sign in button : [[ChromeDriver: chrome on WINDOWS (4a318cf1cd2c975cc16ebbbbc2f1a8d7)] -> xpath: //a[@id='newslettersignupbutton']]
2022-03-11 14:03:461 INFO  HomePage :35 - clicking on sign in button : [[ChromeDriver: chrome on WINDOWS (b37e50eb36fe6aa90131dd45c7b6be00)] -> xpath: //input[@id='newslettersignupform']]
2022-03-11 14:03:771 INFO  HomePage :40 - clicking on sign in button : [[ChromeDriver: chrome on WINDOWS (b37e50eb36fe6aa90131dd45c7b6be00)] -> xpath: //a[@id='newslettersignupbutton']]
2022-03-11 14:03:602 INFO  HomePage :35 - clicking on sign in button : [[ChromeDriver: chrome on WINDOWS (fe9538c7e2252cc49f47b52ccc83f1a0)] -> xpath: //input[@id='newslettersignupform']]
2022-03-11 14:03:784 INFO  HomePage :40 - clicking on sign in button : [[ChromeDriver: chrome on WINDOWS (fe9538c7e2252cc49f47b52ccc83f1a0)] -> xpath: //a[@id='newslettersignupbutton']]
2022-03-11 14:03:651 INFO  HomePage :35 - clicking on sign in button : [[ChromeDriver: chrome on WINDOWS (0935bdda0815b39ce2bb504fecac802d)] -> xpath: //input[@id='newslettersignupform']]
2022-03-11 14:03:834 INFO  HomePage :40 - clicking on sign in button : [[ChromeDriver: chrome on WINDOWS (0935bdda0815b39ce2bb504fecac802d)] -> xpath: //a[@id='newslettersignupbutton']]
2022-03-11 14:03:493 INFO  HomePage :35 - clicking on sign in button : [[ChromeDriver: chrome on WINDOWS (02d53a5ca59be9b8d51f0000bf7871fd)] -> xpath: //input[@id='newslettersignupform']]
2022-03-11 14:03:171 INFO  HomePage :40 - clicking on sign in button : [[ChromeDriver: chrome on WINDOWS (02d53a5ca59be9b8d51f0000bf7871fd)] -> xpath: //a[@id='newslettersignupbutton']]
2022-03-11 20:03:991 INFO  HomePage :35 - clicking on sign in button : [[ChromeDriver: chrome on WINDOWS (ab16d14cad1bcf61604cf8ca60e1d603)] -> xpath: //input[@id='newslettersignupform']]
2022-03-11 20:03:50 INFO  HomePage :40 - clicking on sign in button : [[ChromeDriver: chrome on WINDOWS (ab16d14cad1bcf61604cf8ca60e1d603)] -> xpath: //a[@id='newslettersignupbutton']]
2022-03-11 21:03:116 INFO  HomePage :97 - Click on Destination 'Costa Almeria - Spain' : Costa Almeria - Spain
2022-03-11 21:03:764 INFO  HomePage :97 - Click on Destination 'Costa Almeria - Spain' : Costa Almeria - Spain
2022-03-11 22:03:493 INFO  HomePage :103 - Click on Destination 'Costa Almeria - Spain' : Costa Almeria - Spain
2022-03-11 22:03:505 INFO  HomePage :103 - Click on Destination 'Costa Almeria - Spain' : Costa Almeria - Spain
2022-03-11 22:03:964 INFO  HomePage :103 - Click on Destination 'Costa Almeria - Spain' : Costa Almeria - Spain
2022-03-11 22:03:896 INFO  HomePage :103 - Click on Destination 'Costa Almeria - Spain' : Costa Almeria - Spain
2022-03-11 22:03:745 INFO  HomePage :103 - Click on Destination 'Costa Almeria - Spain' : Costa Almeria - Spain
2022-03-11 22:03:222 INFO  HomePage :114 - Click on Airport 'London (All Airports)' : London (All Airports)
2022-03-11 22:03:679 INFO  HomePage :103 - Click on Destination 'Costa Almeria - Spain' : Costa Almeria - Spain
2022-03-11 22:03:187 INFO  HomePage :103 - Click on Destination 'Costa Almeria - Spain' : Costa Almeria - Spain
2022-03-12 11:03:266 INFO  HomePage :102 - Click on Destination 'Costa Almeria - Spain' : Costa Almeria - Spain
2022-03-12 11:03:917 INFO  HomePage :113 - Click on Airport 'London (All Airports)' : London (All Airports)
2022-03-12 11:03:303 INFO  HomePage :102 - Click on Destination 'Costa Almeria - Spain' : Costa Almeria - Spain
2022-03-12 11:03:942 INFO  HomePage :113 - Click on Airport 'London (All Airports)' : London (All Airports)
2022-03-12 11:03:582 INFO  HomePage :102 - Click on Destination 'Costa Almeria - Spain' : Costa Almeria - Spain
2022-03-12 11:03:241 INFO  HomePage :113 - Click on Airport 'London (All Airports)' : London (All Airports)
2022-03-12 11:03:559 INFO  HomePage :102 - Click on Destination 'Costa Almeria - Spain' : Costa Almeria - Spain
2022-03-12 11:03:186 INFO  HomePage :113 - Click on Airport 'London (All Airports)' : London (All Airports)
2022-03-12 11:03:170 INFO  HomePage :102 - Click on Destination 'Costa Almeria - Spain' : Costa Almeria - Spain
2022-03-12 11:03:784 INFO  HomePage :113 - Click on Airport 'London (All Airports)' : London (All Airports)
2022-03-12 11:03:555 INFO  HomePage :102 - Click on Destination 'Costa Almeria - Spain' : Costa Almeria - Spain
2022-03-12 11:03:182 INFO  HomePage :113 - Click on Airport 'London (All Airports)' : London (All Airports)
2022-03-12 11:03:359 INFO  HomePage :102 - Click on Destination 'Costa Almeria - Spain' : Costa Almeria - Spain
2022-03-12 11:03:35 INFO  HomePage :113 - Click on Airport 'London (All Airports)' : London (All Airports)
2022-03-12 11:03:484 INFO  HomePage :102 - Click on Destination 'Costa Almeria - Spain' : Costa Almeria - Spain
2022-03-12 11:03:190 INFO  HomePage :113 - Click on Airport 'London (All Airports)' : London (All Airports)
2022-03-12 11:03:569 INFO  HomePage :97 - Click on Destination 'Costa Almeria - Spain' : Costa Almeria - Spain
2022-03-12 11:03:240 INFO  HomePage :108 - Click on Airport 'London (All Airports)' : London (All Airports)
2022-03-12 11:03:106 INFO  HomePage :97 - Click on Destination 'Costa Almeria - Spain' : Costa Almeria - Spain
2022-03-12 11:03:706 INFO  HomePage :108 - Click on Airport 'London (All Airports)' : London (All Airports)
2022-03-12 11:03:37 INFO  HomePage :97 - Click on Destination 'Costa Almeria - Spain' : Costa Almeria - Spain
2022-03-12 11:03:628 INFO  HomePage :108 - Click on Airport 'London (All Airports)' : London (All Airports)
2022-03-12 11:03:262 INFO  HomePage :159 - Select nights '3 Nights' : 3 Nights
2022-03-12 12:03:667 INFO  HomePage :99 - Click on Destination 'Costa Almeria - Spain' : Costa Almeria - Spain
2022-03-12 12:03:233 INFO  HomePage :110 - Click on Airport 'London (All Airports)' : London (All Airports)
2022-03-12 12:03:865 INFO  HomePage :161 - Select nights '3 Nights' : 3 Nights
2022-03-12 12:03:76 INFO  HomePage :99 - Click on Destination 'Costa Almeria - Spain' : Costa Almeria - Spain
2022-03-12 12:03:907 INFO  HomePage :110 - Click on Airport 'London (All Airports)' : London (All Airports)
2022-03-12 12:03:621 INFO  HomePage :161 - Select nights '3 Nights' : 3 Nights
2022-03-12 12:03:30 INFO  HomePage :99 - Click on Destination 'Costa Almeria - Spain' : Costa Almeria - Spain
2022-03-12 12:03:595 INFO  HomePage :110 - Click on Airport 'London (All Airports)' : London (All Airports)
2022-03-12 12:03:277 INFO  HomePage :161 - Select nights '3 Nights' : 3 Nights
2022-03-12 13:03:476 INFO  HomePage :99 - Click on Destination 'Costa Almeria - Spain' : Costa Almeria - Spain
2022-03-12 13:03:617 INFO  HomePage :110 - Click on Airport 'London (All Airports)' : London (All Airports)
2022-03-12 13:03:676 INFO  HomePage :161 - Select nights '3 Nights' : 3 Nights
2022-03-12 13:03:982 INFO  HomePage :99 - Click on Destination 'Costa Almeria - Spain' : Costa Almeria - Spain
2022-03-12 13:03:87 INFO  HomePage :110 - Click on Airport 'London (All Airports)' : London (All Airports)
2022-03-12 13:03:216 INFO  HomePage :161 - Select nights '3 Nights' : 3 Nights
2022-03-12 13:03:645 INFO  HomePage :100 - Click on Destination 'Costa Almeria - Spain' : Costa Almeria - Spain
2022-03-12 13:03:689 INFO  HomePage :111 - Click on Airport 'London (All Airports)' : London (All Airports)
2022-03-12 13:03:810 INFO  HomePage :162 - Select nights '3 Nights' : 3 Nights
2022-03-12 14:03:234 INFO  HomePage :100 - Click on Destination 'Costa Almeria - Spain' : Costa Almeria - Spain
2022-03-12 14:03:289 INFO  HomePage :111 - Click on Airport 'London (All Airports)' : London (All Airports)
2022-03-12 14:03:503 INFO  HomePage :162 - Select nights '3 Nights' : 3 Nights
2022-03-12 14:03:411 INFO  HomePage :100 - Click on Destination 'Costa Almeria - Spain' : Costa Almeria - Spain
2022-03-12 14:03:486 INFO  HomePage :111 - Click on Airport 'London (All Airports)' : London (All Airports)
2022-03-12 14:03:660 INFO  HomePage :162 - Select nights '3 Nights' : 3 Nights
2022-03-12 14:03:702 INFO  HomePage :100 - Click on Destination 'Costa Almeria - Spain' : Costa Almeria - Spain
2022-03-12 14:03:738 INFO  HomePage :111 - Click on Airport 'London (All Airports)' : London (All Airports)
2022-03-12 14:03:766 INFO  HomePage :162 - Select nights '3 Nights' : 3 Nights
2022-03-12 14:03:658 INFO  HomePage :100 - Click on Destination 'Costa Almeria - Spain' : Costa Almeria - Spain
2022-03-12 14:03:693 INFO  HomePage :111 - Click on Airport 'London (All Airports)' : London (All Airports)
2022-03-12 14:03:787 INFO  HomePage :162 - Select nights '3 Nights' : 3 Nights
2022-03-12 14:03:83 INFO  HomePage :100 - Click on Destination 'Costa Almeria - Spain' : Costa Almeria - Spain
2022-03-12 14:03:219 INFO  HomePage :111 - Click on Airport 'London (All Airports)' : London (All Airports)
2022-03-12 14:03:308 INFO  HomePage :162 - Select nights '3 Nights' : 3 Nights
2022-03-12 14:03:360 INFO  HomePage :100 - Click on Destination 'Costa Almeria - Spain' : Costa Almeria - Spain
2022-03-12 14:03:441 INFO  HomePage :111 - Click on Airport 'London (All Airports)' : London (All Airports)
2022-03-12 14:03:522 INFO  HomePage :162 - Select nights '3 Nights' : 3 Nights
2022-03-12 15:03:456 INFO  HomePage :100 - Click on Destination 'Costa Almeria - Spain' : Costa Almeria - Spain
2022-03-12 15:03:521 INFO  HomePage :111 - Click on Airport 'London (All Airports)' : London (All Airports)
2022-03-12 15:03:498 INFO  HomePage :162 - Select nights '3 Nights' : 3 Nights
2022-03-12 15:03:545 INFO  HomePage :100 - Click on Destination 'Costa Almeria - Spain' : Costa Almeria - Spain
2022-03-12 15:03:579 INFO  HomePage :111 - Click on Airport 'London (All Airports)' : London (All Airports)
2022-03-12 15:03:550 INFO  HomePage :162 - Select nights '3 Nights' : 3 Nights
2022-03-12 15:03:332 INFO  HomePage :100 - Click on Destination 'Costa Almeria - Spain' : Costa Almeria - Spain
2022-03-12 15:03:380 INFO  HomePage :111 - Click on Airport 'London (All Airports)' : London (All Airports)
2022-03-12 15:03:361 INFO  HomePage :162 - Select nights '3 Nights' : 3 Nights
2022-03-12 15:03:796 INFO  HomePage :100 - Click on Destination 'Costa Almeria - Spain' : Costa Almeria - Spain
2022-03-12 15:03:819 INFO  HomePage :111 - Click on Airport 'London (All Airports)' : London (All Airports)
2022-03-12 15:03:860 INFO  HomePage :162 - Select nights '3 Nights' : 3 Nights
2022-03-12 15:03:233 INFO  HomePage :100 - Click on Destination 'Costa Almeria - Spain' : Costa Almeria - Spain
2022-03-12 15:03:348 INFO  HomePage :111 - Click on Airport 'London (All Airports)' : London (All Airports)
2022-03-12 15:03:387 INFO  HomePage :162 - Select nights '3 Nights' : 3 Nights
2022-03-12 15:03:169 INFO  HomePage :100 - Click on Destination 'Costa Almeria - Spain' : Costa Almeria - Spain
2022-03-12 15:03:194 INFO  HomePage :111 - Click on Airport 'London (All Airports)' : London (All Airports)
2022-03-12 15:03:368 INFO  HomePage :162 - Select nights '3 Nights' : 3 Nights
2022-03-12 15:03:85 INFO  HomePage :48 - clicking on sign in button : [[ChromeDriver: chrome on WINDOWS (1ffdf88ef12b6bf5758f517e3a079435)] -> xpath: //input[@id='BookingFormData_PaymentDetails_HouseNoName']]
2022-03-12 15:03:872 INFO  HomePage :100 - Click on Destination 'Costa Almeria - Spain' : Costa Almeria - Spain
2022-03-12 15:03:866 INFO  HomePage :111 - Click on Airport 'London (All Airports)' : London (All Airports)
2022-03-12 15:03:31 INFO  HomePage :162 - Select nights '3 Nights' : 3 Nights
2022-03-12 15:03:422 INFO  HomePage :48 - clicking on sign in button : [[ChromeDriver: chrome on WINDOWS (78764dcf2335d2b9d8a75d737244e4dc)] -> xpath: //input[@id='BookingFormData_PaymentDetails_HouseNoName']]
2022-03-12 15:03:639 INFO  HomePage :56 - clicking on sign in button : [[ChromeDriver: chrome on WINDOWS (78764dcf2335d2b9d8a75d737244e4dc)] -> xpath: //input[@id='BookingFormData_PaymentDetails_Town']]
2022-03-12 15:03:827 INFO  HomePage :60 - clicking on sign in button : [[ChromeDriver: chrome on WINDOWS (78764dcf2335d2b9d8a75d737244e4dc)] -> xpath: //input[@id='BookingFormData_PaymentDetails_County']]
2022-03-12 15:03:57 INFO  HomePage :64 - clicking on sign in button : [[ChromeDriver: chrome on WINDOWS (78764dcf2335d2b9d8a75d737244e4dc)] -> xpath: //select[@id='BookingFormData_PaymentDetails_Country']]
2022-03-12 15:03:173 INFO  HomePage :68 - clicking on sign in button : [[ChromeDriver: chrome on WINDOWS (78764dcf2335d2b9d8a75d737244e4dc)] -> xpath: //input[@id='BookingFormData_PaymentDetails_PostCode']]
